c:\users\pc\desktop\programy\sfml\project2\airforce\airforce\debug\airforce.pch
c:\users\pc\desktop\programy\sfml\project2\airforce\airforce\debug\vc140.pdb
c:\users\pc\desktop\programy\sfml\project2\airforce\airforce\debug\vc140.idb
c:\users\pc\desktop\programy\sfml\project2\airforce\airforce\debug\stdafx.obj
c:\users\pc\desktop\programy\sfml\project2\airforce\airforce\debug\airforce.obj
c:\users\pc\desktop\programy\sfml\project2\airforce\airforce\debug\animations.obj
c:\users\pc\desktop\programy\sfml\project2\airforce\airforce\debug\collision.obj
c:\users\pc\desktop\programy\sfml\project2\airforce\airforce\debug\engine.obj
c:\users\pc\desktop\programy\sfml\project2\airforce\airforce\debug\formation.obj
c:\users\pc\desktop\programy\sfml\project2\airforce\airforce\debug\libretto.obj
c:\users\pc\desktop\programy\sfml\project2\airforce\airforce\debug\missiles.obj
c:\users\pc\desktop\programy\sfml\project2\airforce\airforce\debug\plane.obj
c:\users\pc\desktop\programy\sfml\project2\airforce\airforce\debug\randgenerator.obj
c:\users\pc\desktop\programy\sfml\project2\airforce\airforce\debug\visualeffect.obj
c:\users\pc\desktop\programy\sfml\project2\airforce\debug\airforce.ilk
c:\users\pc\desktop\programy\sfml\project2\airforce\debug\airforce.exe
c:\users\pc\desktop\programy\sfml\project2\airforce\debug\airforce.pdb
c:\users\pc\desktop\programy\sfml\project2\airforce\airforce\debug\airforce.tlog\cl.command.1.tlog
c:\users\pc\desktop\programy\sfml\project2\airforce\airforce\debug\airforce.tlog\cl.read.1.tlog
c:\users\pc\desktop\programy\sfml\project2\airforce\airforce\debug\airforce.tlog\cl.write.1.tlog
c:\users\pc\desktop\programy\sfml\project2\airforce\airforce\debug\airforce.tlog\link.command.1.tlog
c:\users\pc\desktop\programy\sfml\project2\airforce\airforce\debug\airforce.tlog\link.read.1.tlog
c:\users\pc\desktop\programy\sfml\project2\airforce\airforce\debug\airforce.tlog\link.write.1.tlog
